"Listening..."
RT @SMRT_Singapore: Starting today, 10 EWL stns from Paya Lebar to Pasir Ris and from Tanah Merah to Changi Airport will have shorter opera…
oddteuk
3224281050
http://pbs.twimg.com/profile_images/947441146929725440/4u7mC4aq_normal.jpg
#########
tweet created by other users
on_reconnect: 0.25, 0
"Listening..."
new tweet
roundtrip_sg
918754322506162176
http://abs.twimg.com/sticky/default_profile_images/default_profile_normal.png
#########
tweet created by other users
RT @SMRT_Singapore: Starting today, 10 EWL stns from Paya Lebar to Pasir Ris and from Tanah Merah to Changi Airport will have shorter opera…
jas0nsg
20164824
http://pbs.twimg.com/profile_images/899720230347300864/sVO6dwjQ_normal.jpg
#########
tweet created by other users
RT @SMRT_Singapore: Starting today, 10 EWL stns from Paya Lebar to Pasir Ris and from Tanah Merah to Changi Airport will have shorter opera…
rayaelf3
618090586
http://pbs.twimg.com/profile_images/674601579421425664/ft83J0wv_normal.jpg
#########
tweet created by other users
on_reconnect: 0.25, 0
"Listening..."
wishing
roundtrip_sg
918754322506162176
http://abs.twimg.com/sticky/default_profile_images/default_profile_normal.png
#########
ignore tweet
